
> lyliyutong@1.0.0 docs:dev /opt/lee/vuepress-starter
> vuepress dev docs

wait Extracting site metadata...
tip Apply theme @vuepress/theme-default ...
tip Apply plugin container (i.e. "vuepress-plugin-container") ...
tip Apply plugin @vuepress/register-components (i.e. "@vuepress/plugin-register-components") ...
tip Apply plugin @vuepress/active-header-links (i.e. "@vuepress/plugin-active-header-links") ...
tip Apply plugin @vuepress/search (i.e. "@vuepress/plugin-search") ...
tip Apply plugin @vuepress/nprogress (i.e. "@vuepress/plugin-nprogress") ...
ℹ Compiling Client
[34mℹ[39m [90m｢wds｣[39m: Project is running at http://0.0.0.0:8080/
[34mℹ[39m [90m｢wds｣[39m: webpack output is served from /
[34mℹ[39m [90m｢wds｣[39m: Content not from webpack is served from /opt/lee/vuepress-starter/docs/.vuepress/public
[34mℹ[39m [90m｢wds｣[39m: 404s will fallback to /index.html
✔ Client: Compiled successfully in 5.57s
csuccess [19:13:13] Build 0b77c2 finished in 5572 ms! 
> VuePress dev server listening at http://localhost:8080/
cℹ Compiling Client
✔ Client: Compiled successfully in 244.88ms
csuccess [19:13:14] Build d30b30 finished in 246 ms! ( http://localhost:8080/ )

> lyliyutong@1.0.0 docs:dev /opt/lee/vuepress-starter
> vuepress dev docs

wait Extracting site metadata...
tip Apply theme @vuepress/theme-default ...
tip Apply plugin container (i.e. "vuepress-plugin-container") ...
tip Apply plugin @vuepress/register-components (i.e. "@vuepress/plugin-register-components") ...
tip Apply plugin @vuepress/active-header-links (i.e. "@vuepress/plugin-active-header-links") ...
tip Apply plugin @vuepress/search (i.e. "@vuepress/plugin-search") ...
tip Apply plugin @vuepress/nprogress (i.e. "@vuepress/plugin-nprogress") ...
ℹ Compiling Client
[34mℹ[39m [90m｢wds｣[39m: Project is running at http://0.0.0.0:10130/
[34mℹ[39m [90m｢wds｣[39m: webpack output is served from /
[34mℹ[39m [90m｢wds｣[39m: Content not from webpack is served from /opt/lee/vuepress-starter/docs/.vuepress/public
[34mℹ[39m [90m｢wds｣[39m: 404s will fallback to /index.html
✔ Client: Compiled successfully in 5.52s
csuccess [10:00:24] Build fff581 finished in 5527 ms! 
> VuePress dev server listening at http://localhost:10130/
cℹ Compiling Client
✔ Client: Compiled successfully in 232.38ms
csuccess [10:00:25] Build 3283b1 finished in 233 ms! ( http://localhost:10130/ )
